Started GET "/api/v1/search?query=60615" for 127.0.0.1 at 2017-08-18 13:35:27 -0500
  
ActionController::RoutingError (uninitialized constant Api::V1::ForecastController):
  
activesupport (5.1.3) lib/active_support/inflector/methods.rb:271:in `const_get'
activesupport (5.1.3) lib/active_support/inflector/methods.rb:271:in `block in constantize'
activesupport (5.1.3) lib/active_support/inflector/methods.rb:267:in `each'
activesupport (5.1.3) lib/active_support/inflector/methods.rb:267:in `inject'
activesupport (5.1.3) lib/active_support/inflector/methods.rb:267:in `constantize'
actionpack (5.1.3) lib/action_dispatch/http/request.rb:82:in `controller_class'
actionpack (5.1.3) lib/action_dispatch/routing/route_set.rb:43:in `controller'
actionpack (5.1.3) lib/action_dispatch/routing/route_set.rb:29:in `serve'
actionpack (5.1.3) lib/action_dispatch/journey/router.rb:46:in `block in serve'
actionpack (5.1.3) lib/action_dispatch/journey/router.rb:33:in `each'
actionpack (5.1.3) lib/action_dispatch/journey/router.rb:33:in `serve'
actionpack (5.1.3) lib/action_dispatch/routing/route_set.rb:834:in `call'
rack (2.0.3) lib/rack/etag.rb:25:in `call'
rack (2.0.3) lib/rack/conditional_get.rb:25:in `call'
rack (2.0.3) lib/rack/head.rb:12:in `call'
activerecord (5.1.3) lib/active_record/migration.rb:556:in `call'
actionpack (5.1.3) lib/action_dispatch/middleware/callbacks.rb:26:in `block in call'
activesupport (5.1.3) lib/active_support/callbacks.rb:97:in `run_callbacks'
actionpack (5.1.3) lib/action_dispatch/middleware/callbacks.rb:24:in `call'
actionpack (5.1.3) lib/action_dispatch/middleware/executor.rb:12:in `call'
actionpack (5.1.3) lib/action_dispatch/middleware/debug_exceptions.rb:59:in `call'
actionpack (5.1.3) lib/action_dispatch/middleware/show_exceptions.rb:31:in `call'
railties (5.1.3) lib/rails/rack/logger.rb:36:in `call_app'
railties (5.1.3) lib/rails/rack/logger.rb:24:in `block in call'
activesupport (5.1.3) lib/active_support/tagged_logging.rb:69:in `block in tagged'
activesupport (5.1.3) lib/active_support/tagged_logging.rb:26:in `tagged'
activesupport (5.1.3) lib/active_support/tagged_logging.rb:69:in `tagged'
railties (5.1.3) lib/rails/rack/logger.rb:24:in `call'
actionpack (5.1.3) lib/action_dispatch/middleware/remote_ip.rb:79:in `call'
actionpack (5.1.3) lib/action_dispatch/middleware/request_id.rb:25:in `call'
rack (2.0.3) lib/rack/runtime.rb:22:in `call'
actionpack (5.1.3) lib/action_dispatch/middleware/executor.rb:12:in `call'
actionpack (5.1.3) lib/action_dispatch/middleware/static.rb:125:in `call'
rack (2.0.3) lib/rack/sendfile.rb:111:in `call'
rack-cors (0.4.1) lib/rack/cors.rb:81:in `call'
railties (5.1.3) lib/rails/engine.rb:522:in `call'
puma (3.9.1) lib/puma/configuration.rb:224:in `call'
puma (3.9.1) lib/puma/server.rb:602:in `handle_request'
puma (3.9.1) lib/puma/server.rb:435:in `process_client'
puma (3.9.1) lib/puma/server.rb:299:in `block in run'
puma (3.9.1) lib/puma/thread_pool.rb:120:in `call'
puma (3.9.1) lib/puma/thread_pool.rb:120:in `block in spawn_thread'
Started GET "/api/v1/search?query=60615" for 127.0.0.1 at 2017-08-18 13:36:07 -0500
  
ActionController::RoutingError (uninitialized constant Api::V1::ForecastController):
  
activesupport (5.1.3) lib/active_support/inflector/methods.rb:271:in `const_get'
activesupport (5.1.3) lib/active_support/inflector/methods.rb:271:in `block in constantize'
activesupport (5.1.3) lib/active_support/inflector/methods.rb:267:in `each'
activesupport (5.1.3) lib/active_support/inflector/methods.rb:267:in `inject'
activesupport (5.1.3) lib/active_support/inflector/methods.rb:267:in `constantize'
actionpack (5.1.3) lib/action_dispatch/http/request.rb:82:in `controller_class'
actionpack (5.1.3) lib/action_dispatch/routing/route_set.rb:43:in `controller'
actionpack (5.1.3) lib/action_dispatch/routing/route_set.rb:29:in `serve'
actionpack (5.1.3) lib/action_dispatch/journey/router.rb:46:in `block in serve'
actionpack (5.1.3) lib/action_dispatch/journey/router.rb:33:in `each'
actionpack (5.1.3) lib/action_dispatch/journey/router.rb:33:in `serve'
actionpack (5.1.3) lib/action_dispatch/routing/route_set.rb:834:in `call'
rack (2.0.3) lib/rack/etag.rb:25:in `call'
rack (2.0.3) lib/rack/conditional_get.rb:25:in `call'
rack (2.0.3) lib/rack/head.rb:12:in `call'
activerecord (5.1.3) lib/active_record/migration.rb:556:in `call'
actionpack (5.1.3) lib/action_dispatch/middleware/callbacks.rb:26:in `block in call'
activesupport (5.1.3) lib/active_support/callbacks.rb:97:in `run_callbacks'
actionpack (5.1.3) lib/action_dispatch/middleware/callbacks.rb:24:in `call'
actionpack (5.1.3) lib/action_dispatch/middleware/executor.rb:12:in `call'
actionpack (5.1.3) lib/action_dispatch/middleware/debug_exceptions.rb:59:in `call'
actionpack (5.1.3) lib/action_dispatch/middleware/show_exceptions.rb:31:in `call'
railties (5.1.3) lib/rails/rack/logger.rb:36:in `call_app'
railties (5.1.3) lib/rails/rack/logger.rb:24:in `block in call'
activesupport (5.1.3) lib/active_support/tagged_logging.rb:69:in `block in tagged'
activesupport (5.1.3) lib/active_support/tagged_logging.rb:26:in `tagged'
activesupport (5.1.3) lib/active_support/tagged_logging.rb:69:in `tagged'
railties (5.1.3) lib/rails/rack/logger.rb:24:in `call'
actionpack (5.1.3) lib/action_dispatch/middleware/remote_ip.rb:79:in `call'
actionpack (5.1.3) lib/action_dispatch/middleware/request_id.rb:25:in `call'
rack (2.0.3) lib/rack/runtime.rb:22:in `call'
actionpack (5.1.3) lib/action_dispatch/middleware/executor.rb:12:in `call'
actionpack (5.1.3) lib/action_dispatch/middleware/static.rb:125:in `call'
rack (2.0.3) lib/rack/sendfile.rb:111:in `call'
rack-cors (0.4.1) lib/rack/cors.rb:81:in `call'
railties (5.1.3) lib/rails/engine.rb:522:in `call'
puma (3.9.1) lib/puma/configuration.rb:224:in `call'
puma (3.9.1) lib/puma/server.rb:602:in `handle_request'
puma (3.9.1) lib/puma/server.rb:435:in `process_client'
puma (3.9.1) lib/puma/server.rb:299:in `block in run'
puma (3.9.1) lib/puma/thread_pool.rb:120:in `call'
puma (3.9.1) lib/puma/thread_pool.rb:120:in `block in spawn_thread'
Started GET "/api/v1/search?query=60615" for 127.0.0.1 at 2017-08-18 13:37:54 -0500
Processing by Api::V1::ForecastsController#search as JSON
  Parameters: {"query"=>"60615", "forecast"=>{}}
Completed 200 OK in 773ms (Views: 0.1ms)


Started GET "/api/v1/search?query=60615" for 127.0.0.1 at 2017-08-18 13:38:58 -0500
Processing by Api::V1::ForecastsController#search as */*
  Parameters: {"query"=>"60615"}
Completed 200 OK in 0ms (Views: 0.1ms)


Started GET "/api/v1/search" for 127.0.0.1 at 2017-08-18 13:39:33 -0500
Processing by Api::V1::ForecastsController#search as */*
Completed 200 OK in 183ms (Views: 0.1ms)


Started GET "/api/v1/search?query=60623" for 127.0.0.1 at 2017-08-18 13:42:15 -0500
Processing by Api::V1::ForecastsController#search as */*
  Parameters: {"query"=>"60623"}
Completed 200 OK in 198ms (Views: 0.2ms)


Started GET "/api/v1/search?query=60623" for 127.0.0.1 at 2017-08-18 13:43:19 -0500
Processing by Api::V1::ForecastsController#search as */*
  Parameters: {"query"=>"60623"}
Completed 200 OK in 3ms (Views: 0.1ms)


Started GET "/api/v1/search?query=60614" for 127.0.0.1 at 2017-08-18 13:43:26 -0500
Processing by Api::V1::ForecastsController#search as */*
  Parameters: {"query"=>"60614"}
Completed 200 OK in 541ms (Views: 0.1ms)


Started GET "/api/v1/search?query=60615" for 127.0.0.1 at 2017-08-18 13:43:33 -0500
Processing by Api::V1::ForecastsController#search as */*
  Parameters: {"query"=>"60615"}
Completed 200 OK in 0ms (Views: 0.1ms)


Started GET "/api/v1/search?query=60614" for 127.0.0.1 at 2017-08-18 13:47:04 -0500
Processing by Api::V1::ForecastsController#search as */*
  Parameters: {"query"=>"60614"}
Started GET "/api/v1/search?query=60615" for 127.0.0.1 at 2017-08-18 13:48:37 -0500
Processing by Api::V1::ForecastsController#search as */*
  Parameters: {"query"=>"60615"}
Started GET "/api/v1/search?query=06460" for 127.0.0.1 at 2017-08-18 13:50:57 -0500
Processing by Api::V1::ForecastsController#search as */*
  Parameters: {"query"=>"06460"}
Completed 204 No Content in 416ms


Started GET "/api/v1/search?query=06460" for 127.0.0.1 at 2017-08-18 13:52:38 -0500
Processing by Api::V1::ForecastsController#search as */*
  Parameters: {"query"=>"06460"}
Completed 200 OK in 3ms (Views: 0.3ms)


  
TypeError (no implicit conversion of Array into String):
  
rack (2.0.3) lib/rack/etag.rb:68:in `<<'
rack (2.0.3) lib/rack/etag.rb:68:in `block in digest_body'
actionpack (5.1.3) lib/action_dispatch/http/response.rb:145:in `each'
actionpack (5.1.3) lib/action_dispatch/http/response.rb:145:in `each_chunk'
actionpack (5.1.3) lib/action_dispatch/http/response.rb:126:in `each'
actionpack (5.1.3) lib/action_dispatch/http/response.rb:74:in `each'
actionpack (5.1.3) lib/action_dispatch/http/response.rb:473:in `each'
rack (2.0.3) lib/rack/etag.rb:66:in `digest_body'
rack (2.0.3) lib/rack/etag.rb:29:in `call'
rack (2.0.3) lib/rack/conditional_get.rb:25:in `call'
rack (2.0.3) lib/rack/head.rb:12:in `call'
activerecord (5.1.3) lib/active_record/migration.rb:556:in `call'
actionpack (5.1.3) lib/action_dispatch/middleware/callbacks.rb:26:in `block in call'
activesupport (5.1.3) lib/active_support/callbacks.rb:97:in `run_callbacks'
actionpack (5.1.3) lib/action_dispatch/middleware/callbacks.rb:24:in `call'
actionpack (5.1.3) lib/action_dispatch/middleware/executor.rb:12:in `call'
actionpack (5.1.3) lib/action_dispatch/middleware/debug_exceptions.rb:59:in `call'
actionpack (5.1.3) lib/action_dispatch/middleware/show_exceptions.rb:31:in `call'
railties (5.1.3) lib/rails/rack/logger.rb:36:in `call_app'
railties (5.1.3) lib/rails/rack/logger.rb:24:in `block in call'
activesupport (5.1.3) lib/active_support/tagged_logging.rb:69:in `block in tagged'
activesupport (5.1.3) lib/active_support/tagged_logging.rb:26:in `tagged'
activesupport (5.1.3) lib/active_support/tagged_logging.rb:69:in `tagged'
railties (5.1.3) lib/rails/rack/logger.rb:24:in `call'
actionpack (5.1.3) lib/action_dispatch/middleware/remote_ip.rb:79:in `call'
actionpack (5.1.3) lib/action_dispatch/middleware/request_id.rb:25:in `call'
rack (2.0.3) lib/rack/runtime.rb:22:in `call'
actionpack (5.1.3) lib/action_dispatch/middleware/executor.rb:12:in `call'
actionpack (5.1.3) lib/action_dispatch/middleware/static.rb:125:in `call'
rack (2.0.3) lib/rack/sendfile.rb:111:in `call'
rack-cors (0.4.1) lib/rack/cors.rb:81:in `call'
railties (5.1.3) lib/rails/engine.rb:522:in `call'
puma (3.9.1) lib/puma/configuration.rb:224:in `call'
puma (3.9.1) lib/puma/server.rb:602:in `handle_request'
puma (3.9.1) lib/puma/server.rb:435:in `process_client'
puma (3.9.1) lib/puma/server.rb:299:in `block in run'
puma (3.9.1) lib/puma/thread_pool.rb:120:in `call'
puma (3.9.1) lib/puma/thread_pool.rb:120:in `block in spawn_thread'
Started GET "/api/v1/search?query=06460" for 127.0.0.1 at 2017-08-18 13:53:42 -0500
Processing by Api::V1::ForecastsController#search as */*
  Parameters: {"query"=>"06460"}
Completed 200 OK in 2ms (Views: 0.1ms)


  
TypeError (no implicit conversion of Array into String):
  
rack (2.0.3) lib/rack/etag.rb:68:in `<<'
rack (2.0.3) lib/rack/etag.rb:68:in `block in digest_body'
actionpack (5.1.3) lib/action_dispatch/http/response.rb:145:in `each'
actionpack (5.1.3) lib/action_dispatch/http/response.rb:145:in `each_chunk'
actionpack (5.1.3) lib/action_dispatch/http/response.rb:126:in `each'
actionpack (5.1.3) lib/action_dispatch/http/response.rb:74:in `each'
actionpack (5.1.3) lib/action_dispatch/http/response.rb:473:in `each'
rack (2.0.3) lib/rack/etag.rb:66:in `digest_body'
rack (2.0.3) lib/rack/etag.rb:29:in `call'
rack (2.0.3) lib/rack/conditional_get.rb:25:in `call'
rack (2.0.3) lib/rack/head.rb:12:in `call'
activerecord (5.1.3) lib/active_record/migration.rb:556:in `call'
actionpack (5.1.3) lib/action_dispatch/middleware/callbacks.rb:26:in `block in call'
activesupport (5.1.3) lib/active_support/callbacks.rb:97:in `run_callbacks'
actionpack (5.1.3) lib/action_dispatch/middleware/callbacks.rb:24:in `call'
actionpack (5.1.3) lib/action_dispatch/middleware/executor.rb:12:in `call'
actionpack (5.1.3) lib/action_dispatch/middleware/debug_exceptions.rb:59:in `call'
actionpack (5.1.3) lib/action_dispatch/middleware/show_exceptions.rb:31:in `call'
railties (5.1.3) lib/rails/rack/logger.rb:36:in `call_app'
railties (5.1.3) lib/rails/rack/logger.rb:24:in `block in call'
activesupport (5.1.3) lib/active_support/tagged_logging.rb:69:in `block in tagged'
activesupport (5.1.3) lib/active_support/tagged_logging.rb:26:in `tagged'
activesupport (5.1.3) lib/active_support/tagged_logging.rb:69:in `tagged'
railties (5.1.3) lib/rails/rack/logger.rb:24:in `call'
actionpack (5.1.3) lib/action_dispatch/middleware/remote_ip.rb:79:in `call'
actionpack (5.1.3) lib/action_dispatch/middleware/request_id.rb:25:in `call'
rack (2.0.3) lib/rack/runtime.rb:22:in `call'
actionpack (5.1.3) lib/action_dispatch/middleware/executor.rb:12:in `call'
actionpack (5.1.3) lib/action_dispatch/middleware/static.rb:125:in `call'
rack (2.0.3) lib/rack/sendfile.rb:111:in `call'
rack-cors (0.4.1) lib/rack/cors.rb:81:in `call'
railties (5.1.3) lib/rails/engine.rb:522:in `call'
puma (3.9.1) lib/puma/configuration.rb:224:in `call'
puma (3.9.1) lib/puma/server.rb:602:in `handle_request'
puma (3.9.1) lib/puma/server.rb:435:in `process_client'
puma (3.9.1) lib/puma/server.rb:299:in `block in run'
puma (3.9.1) lib/puma/thread_pool.rb:120:in `call'
puma (3.9.1) lib/puma/thread_pool.rb:120:in `block in spawn_thread'
Started GET "/api/v1/search?query=06460" for 127.0.0.1 at 2017-08-18 13:55:39 -0500
Processing by Api::V1::ForecastsController#search as */*
  Parameters: {"query"=>"06460"}
Completed 200 OK in 2ms (Views: 0.2ms)


  
TypeError (no implicit conversion of Array into String):
  
rack (2.0.3) lib/rack/etag.rb:68:in `<<'
rack (2.0.3) lib/rack/etag.rb:68:in `block in digest_body'
actionpack (5.1.3) lib/action_dispatch/http/response.rb:145:in `each'
actionpack (5.1.3) lib/action_dispatch/http/response.rb:145:in `each_chunk'
actionpack (5.1.3) lib/action_dispatch/http/response.rb:126:in `each'
actionpack (5.1.3) lib/action_dispatch/http/response.rb:74:in `each'
actionpack (5.1.3) lib/action_dispatch/http/response.rb:473:in `each'
rack (2.0.3) lib/rack/etag.rb:66:in `digest_body'
rack (2.0.3) lib/rack/etag.rb:29:in `call'
rack (2.0.3) lib/rack/conditional_get.rb:25:in `call'
rack (2.0.3) lib/rack/head.rb:12:in `call'
activerecord (5.1.3) lib/active_record/migration.rb:556:in `call'
actionpack (5.1.3) lib/action_dispatch/middleware/callbacks.rb:26:in `block in call'
activesupport (5.1.3) lib/active_support/callbacks.rb:97:in `run_callbacks'
actionpack (5.1.3) lib/action_dispatch/middleware/callbacks.rb:24:in `call'
actionpack (5.1.3) lib/action_dispatch/middleware/executor.rb:12:in `call'
actionpack (5.1.3) lib/action_dispatch/middleware/debug_exceptions.rb:59:in `call'
actionpack (5.1.3) lib/action_dispatch/middleware/show_exceptions.rb:31:in `call'
railties (5.1.3) lib/rails/rack/logger.rb:36:in `call_app'
railties (5.1.3) lib/rails/rack/logger.rb:24:in `block in call'
activesupport (5.1.3) lib/active_support/tagged_logging.rb:69:in `block in tagged'
activesupport (5.1.3) lib/active_support/tagged_logging.rb:26:in `tagged'
activesupport (5.1.3) lib/active_support/tagged_logging.rb:69:in `tagged'
railties (5.1.3) lib/rails/rack/logger.rb:24:in `call'
actionpack (5.1.3) lib/action_dispatch/middleware/remote_ip.rb:79:in `call'
actionpack (5.1.3) lib/action_dispatch/middleware/request_id.rb:25:in `call'
rack (2.0.3) lib/rack/runtime.rb:22:in `call'
actionpack (5.1.3) lib/action_dispatch/middleware/executor.rb:12:in `call'
actionpack (5.1.3) lib/action_dispatch/middleware/static.rb:125:in `call'
rack (2.0.3) lib/rack/sendfile.rb:111:in `call'
rack-cors (0.4.1) lib/rack/cors.rb:81:in `call'
railties (5.1.3) lib/rails/engine.rb:522:in `call'
puma (3.9.1) lib/puma/configuration.rb:224:in `call'
puma (3.9.1) lib/puma/server.rb:602:in `handle_request'
puma (3.9.1) lib/puma/server.rb:435:in `process_client'
puma (3.9.1) lib/puma/server.rb:299:in `block in run'
puma (3.9.1) lib/puma/thread_pool.rb:120:in `call'
puma (3.9.1) lib/puma/thread_pool.rb:120:in `block in spawn_thread'
Started GET "/api/v1/search?query=60637" for 127.0.0.1 at 2017-08-18 13:55:49 -0500
Processing by Api::V1::ForecastsController#search as */*
  Parameters: {"query"=>"60637"}
Completed 200 OK in 236ms (Views: 0.1ms)


  
TypeError (no implicit conversion of Array into String):
  
rack (2.0.3) lib/rack/etag.rb:68:in `<<'
rack (2.0.3) lib/rack/etag.rb:68:in `block in digest_body'
actionpack (5.1.3) lib/action_dispatch/http/response.rb:145:in `each'
actionpack (5.1.3) lib/action_dispatch/http/response.rb:145:in `each_chunk'
actionpack (5.1.3) lib/action_dispatch/http/response.rb:126:in `each'
actionpack (5.1.3) lib/action_dispatch/http/response.rb:74:in `each'
actionpack (5.1.3) lib/action_dispatch/http/response.rb:473:in `each'
rack (2.0.3) lib/rack/etag.rb:66:in `digest_body'
rack (2.0.3) lib/rack/etag.rb:29:in `call'
rack (2.0.3) lib/rack/conditional_get.rb:25:in `call'
rack (2.0.3) lib/rack/head.rb:12:in `call'
activerecord (5.1.3) lib/active_record/migration.rb:556:in `call'
actionpack (5.1.3) lib/action_dispatch/middleware/callbacks.rb:26:in `block in call'
activesupport (5.1.3) lib/active_support/callbacks.rb:97:in `run_callbacks'
actionpack (5.1.3) lib/action_dispatch/middleware/callbacks.rb:24:in `call'
actionpack (5.1.3) lib/action_dispatch/middleware/executor.rb:12:in `call'
actionpack (5.1.3) lib/action_dispatch/middleware/debug_exceptions.rb:59:in `call'
actionpack (5.1.3) lib/action_dispatch/middleware/show_exceptions.rb:31:in `call'
railties (5.1.3) lib/rails/rack/logger.rb:36:in `call_app'
railties (5.1.3) lib/rails/rack/logger.rb:24:in `block in call'
activesupport (5.1.3) lib/active_support/tagged_logging.rb:69:in `block in tagged'
activesupport (5.1.3) lib/active_support/tagged_logging.rb:26:in `tagged'
activesupport (5.1.3) lib/active_support/tagged_logging.rb:69:in `tagged'
railties (5.1.3) lib/rails/rack/logger.rb:24:in `call'
actionpack (5.1.3) lib/action_dispatch/middleware/remote_ip.rb:79:in `call'
actionpack (5.1.3) lib/action_dispatch/middleware/request_id.rb:25:in `call'
rack (2.0.3) lib/rack/runtime.rb:22:in `call'
actionpack (5.1.3) lib/action_dispatch/middleware/executor.rb:12:in `call'
actionpack (5.1.3) lib/action_dispatch/middleware/static.rb:125:in `call'
rack (2.0.3) lib/rack/sendfile.rb:111:in `call'
rack-cors (0.4.1) lib/rack/cors.rb:81:in `call'
railties (5.1.3) lib/rails/engine.rb:522:in `call'
puma (3.9.1) lib/puma/configuration.rb:224:in `call'
puma (3.9.1) lib/puma/server.rb:602:in `handle_request'
puma (3.9.1) lib/puma/server.rb:435:in `process_client'
puma (3.9.1) lib/puma/server.rb:299:in `block in run'
puma (3.9.1) lib/puma/thread_pool.rb:120:in `call'
puma (3.9.1) lib/puma/thread_pool.rb:120:in `block in spawn_thread'
Started GET "/api/v1/search?query=60637" for 127.0.0.1 at 2017-08-18 13:56:18 -0500
Processing by Api::V1::ForecastsController#search as */*
  Parameters: {"query"=>"60637"}
Completed 200 OK in 0ms (Views: 0.1ms)


  
TypeError (no implicit conversion of Array into String):
  
rack (2.0.3) lib/rack/etag.rb:68:in `<<'
rack (2.0.3) lib/rack/etag.rb:68:in `block in digest_body'
actionpack (5.1.3) lib/action_dispatch/http/response.rb:145:in `each'
actionpack (5.1.3) lib/action_dispatch/http/response.rb:145:in `each_chunk'
actionpack (5.1.3) lib/action_dispatch/http/response.rb:126:in `each'
actionpack (5.1.3) lib/action_dispatch/http/response.rb:74:in `each'
actionpack (5.1.3) lib/action_dispatch/http/response.rb:473:in `each'
rack (2.0.3) lib/rack/etag.rb:66:in `digest_body'
rack (2.0.3) lib/rack/etag.rb:29:in `call'
rack (2.0.3) lib/rack/conditional_get.rb:25:in `call'
rack (2.0.3) lib/rack/head.rb:12:in `call'
activerecord (5.1.3) lib/active_record/migration.rb:556:in `call'
actionpack (5.1.3) lib/action_dispatch/middleware/callbacks.rb:26:in `block in call'
activesupport (5.1.3) lib/active_support/callbacks.rb:97:in `run_callbacks'
actionpack (5.1.3) lib/action_dispatch/middleware/callbacks.rb:24:in `call'
actionpack (5.1.3) lib/action_dispatch/middleware/executor.rb:12:in `call'
actionpack (5.1.3) lib/action_dispatch/middleware/debug_exceptions.rb:59:in `call'
actionpack (5.1.3) lib/action_dispatch/middleware/show_exceptions.rb:31:in `call'
railties (5.1.3) lib/rails/rack/logger.rb:36:in `call_app'
railties (5.1.3) lib/rails/rack/logger.rb:24:in `block in call'
activesupport (5.1.3) lib/active_support/tagged_logging.rb:69:in `block in tagged'
activesupport (5.1.3) lib/active_support/tagged_logging.rb:26:in `tagged'
activesupport (5.1.3) lib/active_support/tagged_logging.rb:69:in `tagged'
railties (5.1.3) lib/rails/rack/logger.rb:24:in `call'
actionpack (5.1.3) lib/action_dispatch/middleware/remote_ip.rb:79:in `call'
actionpack (5.1.3) lib/action_dispatch/middleware/request_id.rb:25:in `call'
rack (2.0.3) lib/rack/runtime.rb:22:in `call'
actionpack (5.1.3) lib/action_dispatch/middleware/executor.rb:12:in `call'
actionpack (5.1.3) lib/action_dispatch/middleware/static.rb:125:in `call'
rack (2.0.3) lib/rack/sendfile.rb:111:in `call'
rack-cors (0.4.1) lib/rack/cors.rb:81:in `call'
railties (5.1.3) lib/rails/engine.rb:522:in `call'
puma (3.9.1) lib/puma/configuration.rb:224:in `call'
puma (3.9.1) lib/puma/server.rb:602:in `handle_request'
puma (3.9.1) lib/puma/server.rb:435:in `process_client'
puma (3.9.1) lib/puma/server.rb:299:in `block in run'
puma (3.9.1) lib/puma/thread_pool.rb:120:in `call'
puma (3.9.1) lib/puma/thread_pool.rb:120:in `block in spawn_thread'
Started GET "/api/v1/search?query=60637" for 127.0.0.1 at 2017-08-18 13:57:11 -0500
Processing by Api::V1::ForecastsController#search as */*
  Parameters: {"query"=>"60637"}
Completed 200 OK in 357ms (Views: 0.2ms)


  
TypeError (no implicit conversion of Array into String):
  
rack (2.0.3) lib/rack/etag.rb:68:in `<<'
rack (2.0.3) lib/rack/etag.rb:68:in `block in digest_body'
actionpack (5.1.3) lib/action_dispatch/http/response.rb:145:in `each'
actionpack (5.1.3) lib/action_dispatch/http/response.rb:145:in `each_chunk'
actionpack (5.1.3) lib/action_dispatch/http/response.rb:126:in `each'
actionpack (5.1.3) lib/action_dispatch/http/response.rb:74:in `each'
actionpack (5.1.3) lib/action_dispatch/http/response.rb:473:in `each'
rack (2.0.3) lib/rack/etag.rb:66:in `digest_body'
rack (2.0.3) lib/rack/etag.rb:29:in `call'
rack (2.0.3) lib/rack/conditional_get.rb:25:in `call'
rack (2.0.3) lib/rack/head.rb:12:in `call'
activerecord (5.1.3) lib/active_record/migration.rb:556:in `call'
actionpack (5.1.3) lib/action_dispatch/middleware/callbacks.rb:26:in `block in call'
activesupport (5.1.3) lib/active_support/callbacks.rb:97:in `run_callbacks'
actionpack (5.1.3) lib/action_dispatch/middleware/callbacks.rb:24:in `call'
actionpack (5.1.3) lib/action_dispatch/middleware/executor.rb:12:in `call'
actionpack (5.1.3) lib/action_dispatch/middleware/debug_exceptions.rb:59:in `call'
actionpack (5.1.3) lib/action_dispatch/middleware/show_exceptions.rb:31:in `call'
railties (5.1.3) lib/rails/rack/logger.rb:36:in `call_app'
railties (5.1.3) lib/rails/rack/logger.rb:24:in `block in call'
activesupport (5.1.3) lib/active_support/tagged_logging.rb:69:in `block in tagged'
activesupport (5.1.3) lib/active_support/tagged_logging.rb:26:in `tagged'
activesupport (5.1.3) lib/active_support/tagged_logging.rb:69:in `tagged'
railties (5.1.3) lib/rails/rack/logger.rb:24:in `call'
actionpack (5.1.3) lib/action_dispatch/middleware/remote_ip.rb:79:in `call'
actionpack (5.1.3) lib/action_dispatch/middleware/request_id.rb:25:in `call'
rack (2.0.3) lib/rack/runtime.rb:22:in `call'
actionpack (5.1.3) lib/action_dispatch/middleware/executor.rb:12:in `call'
actionpack (5.1.3) lib/action_dispatch/middleware/static.rb:125:in `call'
rack (2.0.3) lib/rack/sendfile.rb:111:in `call'
rack-cors (0.4.1) lib/rack/cors.rb:81:in `call'
railties (5.1.3) lib/rails/engine.rb:522:in `call'
puma (3.9.1) lib/puma/configuration.rb:224:in `call'
puma (3.9.1) lib/puma/server.rb:602:in `handle_request'
puma (3.9.1) lib/puma/server.rb:435:in `process_client'
puma (3.9.1) lib/puma/server.rb:299:in `block in run'
puma (3.9.1) lib/puma/thread_pool.rb:120:in `call'
puma (3.9.1) lib/puma/thread_pool.rb:120:in `block in spawn_thread'
Started GET "/api/v1/search?query=60637" for 127.0.0.1 at 2017-08-18 13:57:48 -0500
Processing by Api::V1::ForecastsController#search as */*
  Parameters: {"query"=>"60637"}
Started GET "/api/v1/search?query=60637" for 127.0.0.1 at 2017-08-18 13:58:47 -0500
Processing by Api::V1::ForecastsController#search as */*
  Parameters: {"query"=>"60637"}
Started GET "/api/v1/search?query=60637" for 127.0.0.1 at 2017-08-18 13:59:27 -0500
Processing by Api::V1::ForecastsController#search as */*
  Parameters: {"query"=>"60637"}
Completed 500 Internal Server Error in 801ms


  
TypeError (no implicit conversion of Faraday::Response into String):
  
app/services/forecast_service.rb:11:in `block in get_forecast'
app/services/forecast_service.rb:7:in `get_forecast'
app/controllers/api/v1/forecasts_controller.rb:4:in `search'
Started GET "/api/v1/search?query=60637" for 127.0.0.1 at 2017-08-18 14:00:02 -0500
Processing by Api::V1::ForecastsController#search as */*
  Parameters: {"query"=>"60637"}
Started GET "/api/v1/search?query=60637" for 127.0.0.1 at 2017-08-18 14:01:59 -0500
Processing by Api::V1::ForecastsController#search as */*
  Parameters: {"query"=>"60637"}
Completed 200 OK in 333ms (Views: 0.1ms)


  
TypeError (no implicit conversion of Array into String):
  
rack (2.0.3) lib/rack/etag.rb:68:in `<<'
rack (2.0.3) lib/rack/etag.rb:68:in `block in digest_body'
actionpack (5.1.3) lib/action_dispatch/http/response.rb:145:in `each'
actionpack (5.1.3) lib/action_dispatch/http/response.rb:145:in `each_chunk'
actionpack (5.1.3) lib/action_dispatch/http/response.rb:126:in `each'
actionpack (5.1.3) lib/action_dispatch/http/response.rb:74:in `each'
actionpack (5.1.3) lib/action_dispatch/http/response.rb:473:in `each'
rack (2.0.3) lib/rack/etag.rb:66:in `digest_body'
rack (2.0.3) lib/rack/etag.rb:29:in `call'
rack (2.0.3) lib/rack/conditional_get.rb:25:in `call'
rack (2.0.3) lib/rack/head.rb:12:in `call'
activerecord (5.1.3) lib/active_record/migration.rb:556:in `call'
actionpack (5.1.3) lib/action_dispatch/middleware/callbacks.rb:26:in `block in call'
activesupport (5.1.3) lib/active_support/callbacks.rb:97:in `run_callbacks'
actionpack (5.1.3) lib/action_dispatch/middleware/callbacks.rb:24:in `call'
actionpack (5.1.3) lib/action_dispatch/middleware/executor.rb:12:in `call'
actionpack (5.1.3) lib/action_dispatch/middleware/debug_exceptions.rb:59:in `call'
actionpack (5.1.3) lib/action_dispatch/middleware/show_exceptions.rb:31:in `call'
railties (5.1.3) lib/rails/rack/logger.rb:36:in `call_app'
railties (5.1.3) lib/rails/rack/logger.rb:24:in `block in call'
activesupport (5.1.3) lib/active_support/tagged_logging.rb:69:in `block in tagged'
activesupport (5.1.3) lib/active_support/tagged_logging.rb:26:in `tagged'
activesupport (5.1.3) lib/active_support/tagged_logging.rb:69:in `tagged'
railties (5.1.3) lib/rails/rack/logger.rb:24:in `call'
actionpack (5.1.3) lib/action_dispatch/middleware/remote_ip.rb:79:in `call'
actionpack (5.1.3) lib/action_dispatch/middleware/request_id.rb:25:in `call'
rack (2.0.3) lib/rack/runtime.rb:22:in `call'
actionpack (5.1.3) lib/action_dispatch/middleware/executor.rb:12:in `call'
actionpack (5.1.3) lib/action_dispatch/middleware/static.rb:125:in `call'
rack (2.0.3) lib/rack/sendfile.rb:111:in `call'
rack-cors (0.4.1) lib/rack/cors.rb:81:in `call'
railties (5.1.3) lib/rails/engine.rb:522:in `call'
puma (3.9.1) lib/puma/configuration.rb:224:in `call'
puma (3.9.1) lib/puma/server.rb:602:in `handle_request'
puma (3.9.1) lib/puma/server.rb:435:in `process_client'
puma (3.9.1) lib/puma/server.rb:299:in `block in run'
puma (3.9.1) lib/puma/thread_pool.rb:120:in `call'
puma (3.9.1) lib/puma/thread_pool.rb:120:in `block in spawn_thread'
Started GET "/api/v1/search?query=60637" for 127.0.0.1 at 2017-08-18 14:03:02 -0500
Processing by Api::V1::ForecastsController#search as */*
  Parameters: {"query"=>"60637"}
Completed 200 OK in 206ms (Views: 0.2ms)


  
TypeError (no implicit conversion of Array into String):
  
rack (2.0.3) lib/rack/etag.rb:68:in `<<'
rack (2.0.3) lib/rack/etag.rb:68:in `block in digest_body'
actionpack (5.1.3) lib/action_dispatch/http/response.rb:145:in `each'
actionpack (5.1.3) lib/action_dispatch/http/response.rb:145:in `each_chunk'
actionpack (5.1.3) lib/action_dispatch/http/response.rb:126:in `each'
actionpack (5.1.3) lib/action_dispatch/http/response.rb:74:in `each'
actionpack (5.1.3) lib/action_dispatch/http/response.rb:473:in `each'
rack (2.0.3) lib/rack/etag.rb:66:in `digest_body'
rack (2.0.3) lib/rack/etag.rb:29:in `call'
rack (2.0.3) lib/rack/conditional_get.rb:25:in `call'
rack (2.0.3) lib/rack/head.rb:12:in `call'
activerecord (5.1.3) lib/active_record/migration.rb:556:in `call'
actionpack (5.1.3) lib/action_dispatch/middleware/callbacks.rb:26:in `block in call'
activesupport (5.1.3) lib/active_support/callbacks.rb:97:in `run_callbacks'
actionpack (5.1.3) lib/action_dispatch/middleware/callbacks.rb:24:in `call'
actionpack (5.1.3) lib/action_dispatch/middleware/executor.rb:12:in `call'
actionpack (5.1.3) lib/action_dispatch/middleware/debug_exceptions.rb:59:in `call'
actionpack (5.1.3) lib/action_dispatch/middleware/show_exceptions.rb:31:in `call'
railties (5.1.3) lib/rails/rack/logger.rb:36:in `call_app'
railties (5.1.3) lib/rails/rack/logger.rb:24:in `block in call'
activesupport (5.1.3) lib/active_support/tagged_logging.rb:69:in `block in tagged'
activesupport (5.1.3) lib/active_support/tagged_logging.rb:26:in `tagged'
activesupport (5.1.3) lib/active_support/tagged_logging.rb:69:in `tagged'
railties (5.1.3) lib/rails/rack/logger.rb:24:in `call'
actionpack (5.1.3) lib/action_dispatch/middleware/remote_ip.rb:79:in `call'
actionpack (5.1.3) lib/action_dispatch/middleware/request_id.rb:25:in `call'
rack (2.0.3) lib/rack/runtime.rb:22:in `call'
actionpack (5.1.3) lib/action_dispatch/middleware/executor.rb:12:in `call'
actionpack (5.1.3) lib/action_dispatch/middleware/static.rb:125:in `call'
rack (2.0.3) lib/rack/sendfile.rb:111:in `call'
rack-cors (0.4.1) lib/rack/cors.rb:81:in `call'
railties (5.1.3) lib/rails/engine.rb:522:in `call'
puma (3.9.1) lib/puma/configuration.rb:224:in `call'
puma (3.9.1) lib/puma/server.rb:602:in `handle_request'
puma (3.9.1) lib/puma/server.rb:435:in `process_client'
puma (3.9.1) lib/puma/server.rb:299:in `block in run'
puma (3.9.1) lib/puma/thread_pool.rb:120:in `call'
puma (3.9.1) lib/puma/thread_pool.rb:120:in `block in spawn_thread'
Started GET "/api/v1/search?query=60637" for 127.0.0.1 at 2017-08-18 14:03:16 -0500
Processing by Api::V1::ForecastsController#search as */*
  Parameters: {"query"=>"60637"}
Completed 200 OK in 371ms (Views: 0.2ms)


  
TypeError (no implicit conversion of Array into String):
  
rack (2.0.3) lib/rack/etag.rb:68:in `<<'
rack (2.0.3) lib/rack/etag.rb:68:in `block in digest_body'
actionpack (5.1.3) lib/action_dispatch/http/response.rb:145:in `each'
actionpack (5.1.3) lib/action_dispatch/http/response.rb:145:in `each_chunk'
actionpack (5.1.3) lib/action_dispatch/http/response.rb:126:in `each'
actionpack (5.1.3) lib/action_dispatch/http/response.rb:74:in `each'
actionpack (5.1.3) lib/action_dispatch/http/response.rb:473:in `each'
rack (2.0.3) lib/rack/etag.rb:66:in `digest_body'
rack (2.0.3) lib/rack/etag.rb:29:in `call'
rack (2.0.3) lib/rack/conditional_get.rb:25:in `call'
rack (2.0.3) lib/rack/head.rb:12:in `call'
activerecord (5.1.3) lib/active_record/migration.rb:556:in `call'
actionpack (5.1.3) lib/action_dispatch/middleware/callbacks.rb:26:in `block in call'
activesupport (5.1.3) lib/active_support/callbacks.rb:97:in `run_callbacks'
actionpack (5.1.3) lib/action_dispatch/middleware/callbacks.rb:24:in `call'
actionpack (5.1.3) lib/action_dispatch/middleware/executor.rb:12:in `call'
actionpack (5.1.3) lib/action_dispatch/middleware/debug_exceptions.rb:59:in `call'
actionpack (5.1.3) lib/action_dispatch/middleware/show_exceptions.rb:31:in `call'
railties (5.1.3) lib/rails/rack/logger.rb:36:in `call_app'
railties (5.1.3) lib/rails/rack/logger.rb:24:in `block in call'
activesupport (5.1.3) lib/active_support/tagged_logging.rb:69:in `block in tagged'
activesupport (5.1.3) lib/active_support/tagged_logging.rb:26:in `tagged'
activesupport (5.1.3) lib/active_support/tagged_logging.rb:69:in `tagged'
railties (5.1.3) lib/rails/rack/logger.rb:24:in `call'
actionpack (5.1.3) lib/action_dispatch/middleware/remote_ip.rb:79:in `call'
actionpack (5.1.3) lib/action_dispatch/middleware/request_id.rb:25:in `call'
rack (2.0.3) lib/rack/runtime.rb:22:in `call'
actionpack (5.1.3) lib/action_dispatch/middleware/executor.rb:12:in `call'
actionpack (5.1.3) lib/action_dispatch/middleware/static.rb:125:in `call'
rack (2.0.3) lib/rack/sendfile.rb:111:in `call'
rack-cors (0.4.1) lib/rack/cors.rb:81:in `call'
railties (5.1.3) lib/rails/engine.rb:522:in `call'
puma (3.9.1) lib/puma/configuration.rb:224:in `call'
puma (3.9.1) lib/puma/server.rb:602:in `handle_request'
puma (3.9.1) lib/puma/server.rb:435:in `process_client'
puma (3.9.1) lib/puma/server.rb:299:in `block in run'
puma (3.9.1) lib/puma/thread_pool.rb:120:in `call'
puma (3.9.1) lib/puma/thread_pool.rb:120:in `block in spawn_thread'
Started GET "/api/v1/search?query=60290" for 127.0.0.1 at 2017-08-18 14:05:02 -0500
Processing by Api::V1::ForecastsController#search as */*
  Parameters: {"query"=>"60290"}
Started GET "/api/v1/search?query=60290" for 127.0.0.1 at 2017-08-18 14:06:17 -0500
Processing by Api::V1::ForecastsController#search as */*
  Parameters: {"query"=>"60290"}
Started GET "/api/v1/search?query=60290" for 127.0.0.1 at 2017-08-18 14:11:13 -0500
Processing by Api::V1::ForecastsController#search as */*
  Parameters: {"query"=>"60290"}
Started GET "/api/v1/search?query=60290" for 127.0.0.1 at 2017-08-18 14:12:51 -0500
Processing by Api::V1::ForecastsController#search as */*
  Parameters: {"query"=>"60290"}
Completed 200 OK in 280ms (Views: 0.2ms)


  
TypeError (no implicit conversion of Array into String):
  
rack (2.0.3) lib/rack/etag.rb:68:in `<<'
rack (2.0.3) lib/rack/etag.rb:68:in `block in digest_body'
actionpack (5.1.3) lib/action_dispatch/http/response.rb:145:in `each'
actionpack (5.1.3) lib/action_dispatch/http/response.rb:145:in `each_chunk'
actionpack (5.1.3) lib/action_dispatch/http/response.rb:126:in `each'
actionpack (5.1.3) lib/action_dispatch/http/response.rb:74:in `each'
actionpack (5.1.3) lib/action_dispatch/http/response.rb:473:in `each'
rack (2.0.3) lib/rack/etag.rb:66:in `digest_body'
rack (2.0.3) lib/rack/etag.rb:29:in `call'
rack (2.0.3) lib/rack/conditional_get.rb:25:in `call'
rack (2.0.3) lib/rack/head.rb:12:in `call'
activerecord (5.1.3) lib/active_record/migration.rb:556:in `call'
actionpack (5.1.3) lib/action_dispatch/middleware/callbacks.rb:26:in `block in call'
activesupport (5.1.3) lib/active_support/callbacks.rb:97:in `run_callbacks'
actionpack (5.1.3) lib/action_dispatch/middleware/callbacks.rb:24:in `call'
actionpack (5.1.3) lib/action_dispatch/middleware/executor.rb:12:in `call'
actionpack (5.1.3) lib/action_dispatch/middleware/debug_exceptions.rb:59:in `call'
actionpack (5.1.3) lib/action_dispatch/middleware/show_exceptions.rb:31:in `call'
railties (5.1.3) lib/rails/rack/logger.rb:36:in `call_app'
railties (5.1.3) lib/rails/rack/logger.rb:24:in `block in call'
activesupport (5.1.3) lib/active_support/tagged_logging.rb:69:in `block in tagged'
activesupport (5.1.3) lib/active_support/tagged_logging.rb:26:in `tagged'
activesupport (5.1.3) lib/active_support/tagged_logging.rb:69:in `tagged'
railties (5.1.3) lib/rails/rack/logger.rb:24:in `call'
actionpack (5.1.3) lib/action_dispatch/middleware/remote_ip.rb:79:in `call'
actionpack (5.1.3) lib/action_dispatch/middleware/request_id.rb:25:in `call'
rack (2.0.3) lib/rack/runtime.rb:22:in `call'
actionpack (5.1.3) lib/action_dispatch/middleware/executor.rb:12:in `call'
actionpack (5.1.3) lib/action_dispatch/middleware/static.rb:125:in `call'
rack (2.0.3) lib/rack/sendfile.rb:111:in `call'
rack-cors (0.4.1) lib/rack/cors.rb:81:in `call'
railties (5.1.3) lib/rails/engine.rb:522:in `call'
puma (3.9.1) lib/puma/configuration.rb:224:in `call'
puma (3.9.1) lib/puma/server.rb:602:in `handle_request'
puma (3.9.1) lib/puma/server.rb:435:in `process_client'
puma (3.9.1) lib/puma/server.rb:299:in `block in run'
puma (3.9.1) lib/puma/thread_pool.rb:120:in `call'
puma (3.9.1) lib/puma/thread_pool.rb:120:in `block in spawn_thread'
Started GET "/api/v1/search?query=60290" for 127.0.0.1 at 2017-08-18 14:13:28 -0500
Processing by Api::V1::ForecastsController#search as */*
  Parameters: {"query"=>"60290"}
Completed 204 No Content in 294ms


Started GET "/api/v1/search?query=60290" for 127.0.0.1 at 2017-08-18 14:14:54 -0500
Processing by Api::V1::ForecastsController#search as */*
  Parameters: {"query"=>"60290"}
Completed 200 OK in 277ms (Views: 2.7ms)


Started GET "/api/v1/search?query=60290" for 127.0.0.1 at 2017-08-18 14:15:12 -0500
Processing by Api::V1::ForecastsController#search as */*
  Parameters: {"query"=>"60290"}
Completed 200 OK in 645ms (Views: 3.8ms)


Started GET "/api/v1/search?query=60290" for 127.0.0.1 at 2017-08-18 14:15:16 -0500
Processing by Api::V1::ForecastsController#search as */*
  Parameters: {"query"=>"60290"}
Completed 200 OK in 162ms (Views: 10.3ms)


Started GET "/api/v1/search?query=60290" for 127.0.0.1 at 2017-08-18 14:15:18 -0500
Processing by Api::V1::ForecastsController#search as */*
  Parameters: {"query"=>"60290"}
Completed 200 OK in 191ms (Views: 4.3ms)


Started GET "/api/v1/search?query=60290" for 127.0.0.1 at 2017-08-18 14:15:19 -0500
Processing by Api::V1::ForecastsController#search as */*
  Parameters: {"query"=>"60290"}
Completed 200 OK in 234ms (Views: 3.0ms)


Started GET "/api/v1/search?query=60614" for 127.0.0.1 at 2017-08-18 14:17:28 -0500
Processing by Api::V1::ForecastsController#search as */*
  Parameters: {"query"=>"60614"}
Completed 200 OK in 317ms (Views: 4.6ms)


Started GET "/api/v1/search?query=60615" for 127.0.0.1 at 2017-08-18 14:17:40 -0500
Processing by Api::V1::ForecastsController#search as */*
  Parameters: {"query"=>"60615"}
Completed 200 OK in 869ms (Views: 4.0ms)


Started GET "/api/v1/search?query=60615" for 127.0.0.1 at 2017-08-18 14:46:03 -0500
Processing by Api::V1::ForecastsController#search as HTML
  Parameters: {"query"=>"60615"}
Completed 200 OK in 693ms (Views: 13.8ms)


Started GET "/api/v1/search?query=asda" for 127.0.0.1 at 2017-08-18 14:46:21 -0500
Processing by Api::V1::ForecastsController#search as HTML
  Parameters: {"query"=>"asda"}
Completed 200 OK in 657ms (Views: 1.7ms)


Started GET "/api/v1/search?query=60615" for 127.0.0.1 at 2017-08-18 14:46:34 -0500
Processing by Api::V1::ForecastsController#search as HTML
  Parameters: {"query"=>"60615"}
Completed 200 OK in 660ms (Views: 7.9ms)


Started GET "/api/v1/search?query=60615" for 127.0.0.1 at 2017-08-18 14:54:56 -0500
Processing by Api::V1::ForecastsController#search as */*
  Parameters: {"query"=>"60615"}
Completed 200 OK in 662ms (Views: 9.0ms)


Started GET "/api/v1/search?query=60615" for 127.0.0.1 at 2017-08-18 14:55:14 -0500
Processing by Api::V1::ForecastsController#search as */*
  Parameters: {"query"=>"60615"}
Completed 200 OK in 595ms (Views: 8.9ms)


Started GET "/api/v1/search?query=60615" for 127.0.0.1 at 2017-08-18 14:58:45 -0500
Processing by Api::V1::ForecastsController#search as */*
  Parameters: {"query"=>"60615"}
Started GET "/api/v1/search?query=60615" for 127.0.0.1 at 2017-08-18 15:22:53 -0500
Processing by Api::V1::ForecastsController#search as */*
  Parameters: {"query"=>"60615"}
Completed 500 Internal Server Error in 225ms


  
URI::InvalidURIError (bad URI(is not URI?): http://api.wunderground.com/api/#{apikey}/forecast/q/):
  
app/services/forecast_service.rb:11:in `get_forecast'
app/controllers/api/v1/forecasts_controller.rb:4:in `search'
Started GET "/api/v1/search?query=60614" for 127.0.0.1 at 2017-08-18 15:24:32 -0500
Processing by Api::V1::ForecastsController#search as */*
  Parameters: {"query"=>"60614"}
Completed 500 Internal Server Error in 3ms


  
URI::InvalidURIError (bad URI(is not URI?): http://api.wunderground.com/api/#{apikey}/forecast/q/):
  
app/services/forecast_service.rb:11:in `get_forecast'
app/controllers/api/v1/forecasts_controller.rb:4:in `search'
Started GET "/api/v1/search?query=60614" for 127.0.0.1 at 2017-08-18 15:25:05 -0500
Processing by Api::V1::ForecastsController#search as */*
  Parameters: {"query"=>"60614"}
Completed 500 Internal Server Error in 0ms


  
URI::InvalidURIError (bad URI(is not URI?): http://api.wunderground.com/api/#{apikey}/forecast/q/):
  
app/services/forecast_service.rb:11:in `get_forecast'
app/controllers/api/v1/forecasts_controller.rb:4:in `search'
Started GET "/api/v1/search?query=60614" for 127.0.0.1 at 2017-08-18 15:27:28 -0500
Processing by Api::V1::ForecastsController#search as */*
  Parameters: {"query"=>"60614"}
Completed 500 Internal Server Error in 8ms


  
URI::InvalidURIError (bad URI(is not URI?): http://api.wunderground.com/api/#{apikey}/forecast/q/):
  
app/services/forecast_service.rb:11:in `get_forecast'
app/controllers/api/v1/forecasts_controller.rb:4:in `search'
Started GET "/api/v1/search?query=06460" for 127.0.0.1 at 2017-08-18 15:27:35 -0500
Processing by Api::V1::ForecastsController#search as */*
  Parameters: {"query"=>"06460"}
Completed 500 Internal Server Error in 1ms


  
URI::InvalidURIError (bad URI(is not URI?): http://api.wunderground.com/api/#{apikey}/forecast/q/):
  
app/services/forecast_service.rb:11:in `get_forecast'
app/controllers/api/v1/forecasts_controller.rb:4:in `search'
Started GET "/api/v1/search?query=60614" for 127.0.0.1 at 2017-08-18 15:29:39 -0500
Processing by Api::V1::ForecastsController#search as */*
  Parameters: {"query"=>"60614"}
Completed 500 Internal Server Error in 2ms


  
URI::InvalidURIError (bad URI(is not URI?): http://api.wunderground.com/api/#{apikey}/forecast/q/):
  
app/services/forecast_service.rb:11:in `get_forecast'
app/controllers/api/v1/forecasts_controller.rb:4:in `search'
Started GET "/api/v1/search?query=60614" for 127.0.0.1 at 2017-08-18 15:31:00 -0500
Processing by Api::V1::ForecastsController#search as */*
  Parameters: {"query"=>"60614"}
Completed 500 Internal Server Error in 2ms


  
URI::InvalidURIError (bad URI(is not URI?): http://api.wunderground.com/api/#{apikey}/forecast/q/#{zipcode}):
  
app/services/forecast_service.rb:11:in `get_forecast'
app/controllers/api/v1/forecasts_controller.rb:4:in `search'
Started GET "/api/v1/search" for 127.0.0.1 at 2017-08-18 15:41:20 -0500
Processing by Api::V1::ForecastsController#search as */*
Completed 204 No Content in 10302ms


Started GET "/api/v1/search?query=60615" for 127.0.0.1 at 2017-08-18 15:42:09 -0500
Processing by Api::V1::ForecastsController#search as */*
  Parameters: {"query"=>"60615"}
Completed 200 OK in 11418ms (Views: 0.3ms)


Started GET "/api/v1/search?query=06460" for 127.0.0.1 at 2017-08-18 15:45:40 -0500
Processing by Api::V1::ForecastsController#search as */*
  Parameters: {"query"=>"06460"}
Completed 200 OK in 13172ms (Views: 0.2ms)


Started GET "/api/v1/search?query=06460" for 127.0.0.1 at 2017-08-18 15:50:04 -0500
Processing by Api::V1::ForecastsController#search as */*
  Parameters: {"query"=>"06460"}
Completed 200 OK in 1598ms (Views: 0.2ms)


Started GET "/api/v1/search?query=06460" for 127.0.0.1 at 2017-08-18 15:52:05 -0500
Processing by Api::V1::ForecastsController#search as */*
  Parameters: {"query"=>"06460"}
Completed 200 OK in 2378ms (Views: 0.2ms)


Started GET "/api/v1/search?query=60615" for 127.0.0.1 at 2017-08-18 21:26:02 -0500
Processing by Api::V1::ForecastsController#search as */*
  Parameters: {"query"=>"60615"}
Completed 200 OK in 2507ms (Views: 0.4ms)


Started GET "/api/v1/search?query=60615" for 127.0.0.1 at 2017-08-18 21:26:26 -0500
Processing by Api::V1::ForecastsController#search as */*
  Parameters: {"query"=>"60615"}
Completed 200 OK in 2676ms (Views: 0.2ms)


Started GET "/api/v1/search?query=60615" for 127.0.0.1 at 2017-08-18 21:28:41 -0500
Processing by Api::V1::ForecastsController#search as */*
  Parameters: {"query"=>"60615"}
Completed 200 OK in 1846ms (Views: 0.3ms)


Started GET "/api/v1/search?query=60615" for 127.0.0.1 at 2017-08-18 21:30:04 -0500
Processing by Api::V1::ForecastsController#search as */*
  Parameters: {"query"=>"60615"}
Completed 200 OK in 2441ms (Views: 0.3ms)


Started GET "/api/v1/search?query=60615" for 127.0.0.1 at 2017-08-18 21:32:38 -0500
Processing by Api::V1::ForecastsController#search as */*
  Parameters: {"query"=>"60615"}
Started GET "/api/v1/search?query=60615" for 127.0.0.1 at 2017-08-18 21:33:37 -0500
Processing by Api::V1::ForecastsController#search as */*
  Parameters: {"query"=>"60615"}
Started GET "/api/v1/search?query=60615" for 127.0.0.1 at 2017-08-18 21:38:03 -0500
Processing by Api::V1::ForecastsController#search as */*
  Parameters: {"query"=>"60615"}
Started GET "/api/v1/search?query=60615" for 127.0.0.1 at 2017-08-18 21:39:29 -0500
Processing by Api::V1::ForecastsController#search as */*
  Parameters: {"query"=>"60615"}
Started GET "/api/v1/search?query=60615" for 127.0.0.1 at 2017-08-18 21:41:41 -0500
Processing by Api::V1::ForecastsController#search as */*
  Parameters: {"query"=>"60615"}
Completed 200 OK in 1013ms (Views: 0.2ms)


Started GET "/api/v1/search?query=60615" for 127.0.0.1 at 2017-08-18 21:43:34 -0500
Processing by Api::V1::ForecastsController#search as */*
  Parameters: {"query"=>"60615"}
Completed 200 OK in 781ms (Views: 0.2ms)


Started GET "/api/v1/search?query=60615" for 127.0.0.1 at 2017-08-19 19:18:56 -0500
Processing by Api::V1::ForecastsController#search as */*
  Parameters: {"query"=>"60615"}
Completed 200 OK in 1253ms (Views: 0.3ms)


Started GET "/api/v1/search?query=06460" for 127.0.0.1 at 2017-08-19 19:25:05 -0500
Processing by Api::V1::ForecastsController#search as */*
  Parameters: {"query"=>"06460"}
Completed 204 No Content in 792ms


Started GET "/api/v1/search?query=06460" for 127.0.0.1 at 2017-08-19 19:42:40 -0500
Processing by Api::V1::ForecastsController#search as */*
  Parameters: {"query"=>"06460"}
Completed 500 Internal Server Error in 2ms


  
Faraday::Error (:cache_control is not registered on Faraday::Response):
  
app/services/forecast_service.rb:14:in `block in get_forecast'
app/services/forecast_service.rb:11:in `get_forecast'
app/controllers/api/v1/forecasts_controller.rb:4:in `search'
Started GET "/api/v1/search?query=06460" for 127.0.0.1 at 2017-08-19 19:43:54 -0500
Processing by Api::V1::ForecastsController#search as */*
  Parameters: {"query"=>"06460"}
Completed 500 Internal Server Error in 2ms


  
Faraday::Error (:cache_control is not registered on Faraday::Response):
  
app/services/forecast_service.rb:15:in `block in get_forecast'
app/services/forecast_service.rb:12:in `get_forecast'
app/controllers/api/v1/forecasts_controller.rb:4:in `search'
Started GET "/api/v1/search?query=06460" for 127.0.0.1 at 2017-08-19 19:48:47 -0500
Processing by Api::V1::ForecastsController#search as */*
  Parameters: {"query"=>"06460"}
Completed 200 OK in 622ms (Views: 0.2ms)


Started GET "/api/v1/search?query=60615" for 127.0.0.1 at 2017-08-19 19:51:16 -0500
Processing by Api::V1::ForecastsController#search as */*
  Parameters: {"query"=>"60615"}
Completed 200 OK in 191ms (Views: 0.2ms)


Started GET "/api/v1/search?query=60615" for 127.0.0.1 at 2017-08-19 19:54:04 -0500
Processing by Api::V1::ForecastsController#search as */*
  Parameters: {"query"=>"60615"}
Completed 500 Internal Server Error in 3ms


  
IOError (not opened for reading):
  
app/controllers/api/v1/forecasts_controller.rb:7:in `search'
Started GET "/api/v1/search?query=60615" for 127.0.0.1 at 2017-08-19 19:54:59 -0500
Processing by Api::V1::ForecastsController#search as */*
  Parameters: {"query"=>"60615"}
Completed 500 Internal Server Error in 6ms


  
IOError (not opened for reading):
  
app/controllers/api/v1/forecasts_controller.rb:7:in `search'
Started GET "/api/v1/search?query=60615" for 127.0.0.1 at 2017-08-19 19:55:27 -0500
Processing by Api::V1::ForecastsController#search as */*
  Parameters: {"query"=>"60615"}
Completed 200 OK in 4ms (Views: 1.0ms)


Started GET "/api/v1/search?query=60615" for 127.0.0.1 at 2017-08-19 19:56:21 -0500
Processing by Api::V1::ForecastsController#search as */*
  Parameters: {"query"=>"60615"}
Completed 200 OK in 5ms (Views: 0.2ms)


Started GET "/api/v1/search?query=60615" for 127.0.0.1 at 2017-08-19 19:56:54 -0500
Processing by Api::V1::ForecastsController#search as */*
  Parameters: {"query"=>"60615"}
Completed 500 Internal Server Error in 3ms


  
NoMethodError (undefined method `headers' for #<String:0x007fb79b9d8398>):
  
app/services/forecast_service.rb:36:in `block in get_forecast'
app/services/forecast_service.rb:31:in `times'
app/services/forecast_service.rb:31:in `get_forecast'
app/controllers/api/v1/forecasts_controller.rb:4:in `search'
Started GET "/api/v1/search?query=60615" for 127.0.0.1 at 2017-08-19 19:57:09 -0500
Processing by Api::V1::ForecastsController#search as */*
  Parameters: {"query"=>"60615"}
Completed 200 OK in 10ms (Views: 0.1ms)


Started GET "/api/v1/search?query=60615" for 127.0.0.1 at 2017-08-19 19:57:32 -0500
Processing by Api::V1::ForecastsController#search as */*
  Parameters: {"query"=>"60615"}
Completed 200 OK in 19ms (Views: 0.2ms)


Started GET "/api/v1/search?query=60615" for 127.0.0.1 at 2017-08-19 19:58:03 -0500
Processing by Api::V1::ForecastsController#search as */*
  Parameters: {"query"=>"60615"}
Completed 200 OK in 6ms (Views: 0.2ms)


Started GET "/api/v1/search?query=60615" for 127.0.0.1 at 2017-08-19 19:59:18 -0500
Processing by Api::V1::ForecastsController#search as */*
  Parameters: {"query"=>"60615"}
Completed 200 OK in 4ms (Views: 1.1ms)


Started GET "/api/v1/search?query=60615" for 127.0.0.1 at 2017-08-20 19:57:30 -0500
Processing by Api::V1::ForecastsController#search as */*
  Parameters: {"query"=>"60615"}
Started GET "/api/v1/search?query=60615" for 127.0.0.1 at 2017-08-20 20:03:15 -0500
Processing by Api::V1::ForecastsController#search as */*
  Parameters: {"query"=>"60615"}
Completed 200 OK in 563ms (Views: 0.6ms)


Started GET "/api/v1/search?query=60615" for 127.0.0.1 at 2017-08-21 11:15:07 -0500
Processing by Api::V1::ForecastsController#search as */*
  Parameters: {"query"=>"60615"}
Completed 200 OK in 1193ms (Views: 7.9ms)


Started GET "/api/v1/search?query=60615" for 127.0.0.1 at 2017-08-21 11:16:45 -0500
Processing by Api::V1::ForecastsController#search as */*
  Parameters: {"query"=>"60615"}
Completed 200 OK in 10ms (Views: 0.1ms)


Started GET "/api/v1/search?query=60615" for 127.0.0.1 at 2017-08-21 11:19:27 -0500
Processing by Api::V1::ForecastsController#search as */*
  Parameters: {"query"=>"60615"}
Completed 200 OK in 11ms (Views: 0.3ms)


Started GET "/api/v1/search?query=60615" for 127.0.0.1 at 2017-08-21 11:21:23 -0500
Processing by Api::V1::ForecastsController#search as */*
  Parameters: {"query"=>"60615"}
Completed 200 OK in 5ms (Views: 1.1ms)


Started GET "/api/v1/search?query=60615" for 127.0.0.1 at 2017-08-21 11:21:35 -0500
Processing by Api::V1::ForecastsController#search as */*
  Parameters: {"query"=>"60615"}
Completed 200 OK in 7ms (Views: 0.1ms)


Started GET "/api/v1/search?query=60615" for ::1 at 2017-08-21 14:56:45 -0500
Processing by Api::V1::ForecastsController#search as */*
  Parameters: {"query"=>"60615"}
Completed 200 OK in 69541ms (Views: 7.8ms)


Started GET "/api/v1/search?query=60615" for 127.0.0.1 at 2017-08-21 15:16:07 -0500
Processing by Api::V1::ForecastsController#search as */*
  Parameters: {"query"=>"60615"}
Completed 200 OK in 5ms (Views: 2.9ms)


Started GET "/api/v1/search?query=60615" for ::1 at 2017-08-21 15:18:52 -0500
Processing by Api::V1::ForecastsController#search as */*
  Parameters: {"query"=>"60615"}
Completed 200 OK in 6ms (Views: 4.8ms)


Started GET "/api/v1/search?query=60615" for 127.0.0.1 at 2017-08-21 15:52:51 -0500
Processing by Api::V1::ForecastsController#search as */*
  Parameters: {"query"=>"60615"}
Completed 200 OK in 538ms (Views: 5.3ms)


Started GET "/api/v1/search?query=06460" for 127.0.0.1 at 2017-08-21 15:55:56 -0500
Processing by Api::V1::ForecastsController#search as */*
  Parameters: {"query"=>"06460"}
Completed 200 OK in 63834ms (Views: 3.8ms)


Started GET "/api/v1/search?query=06460" for 127.0.0.1 at 2017-08-21 17:19:21 -0500
Processing by Api::V1::ForecastsController#search as */*
  Parameters: {"query"=>"06460"}
Completed 200 OK in 926ms (Views: 3.4ms)


Started GET "/api/v1/search?query=60615" for 127.0.0.1 at 2017-08-21 17:19:44 -0500
Processing by Api::V1::ForecastsController#search as */*
  Parameters: {"query"=>"60615"}
Completed 200 OK in 578ms (Views: 8.0ms)


Started GET "/api/v1/search?query=60615" for 127.0.0.1 at 2017-08-21 17:20:10 -0500
Processing by Api::V1::ForecastsController#search as */*
  Parameters: {"query"=>"60615"}
Completed 200 OK in 24ms (Views: 19.2ms)


Started GET "/api/v1/search?query=60637" for 127.0.0.1 at 2017-08-21 17:21:29 -0500
Processing by Api::V1::ForecastsController#search as */*
  Parameters: {"query"=>"60637"}
Completed 200 OK in 256ms (Views: 3.2ms)


Started GET "/api/v1/search?query=60615" for 127.0.0.1 at 2017-08-21 17:21:42 -0500
Processing by Api::V1::ForecastsController#search as */*
  Parameters: {"query"=>"60615"}
Completed 200 OK in 7ms (Views: 5.5ms)


Started GET "/api/v1/search?query=60615" for 127.0.0.1 at 2017-08-21 17:23:21 -0500
Processing by Api::V1::ForecastsController#search as */*
  Parameters: {"query"=>"60615"}
Completed 200 OK in 8ms (Views: 5.8ms)


Started GET "/api/v1/search?query=60614" for 127.0.0.1 at 2017-08-21 17:27:51 -0500
Processing by Api::V1::ForecastsController#search as */*
  Parameters: {"query"=>"60614"}
Completed 200 OK in 307ms (Views: 3.2ms)


Started GET "/api/v1/search?query=60615" for 127.0.0.1 at 2017-08-21 17:29:03 -0500
Processing by Api::V1::ForecastsController#search as */*
  Parameters: {"query"=>"60615"}
Completed 200 OK in 7ms (Views: 4.5ms)


Started GET "/api/v1/search?query=60615" for 127.0.0.1 at 2017-08-21 17:29:04 -0500
Processing by Api::V1::ForecastsController#search as */*
  Parameters: {"query"=>"60615"}
Completed 200 OK in 7ms (Views: 4.7ms)


Started GET "/api/v1/search?query=60614" for 127.0.0.1 at 2017-08-21 17:32:49 -0500
Processing by Api::V1::ForecastsController#search as */*
  Parameters: {"query"=>"60614"}
Completed 200 OK in 5ms (Views: 2.7ms)


Started GET "/api/v1/search?query=44236" for 127.0.0.1 at 2017-08-21 17:35:20 -0500
Processing by Api::V1::ForecastsController#search as */*
  Parameters: {"query"=>"44236"}
Completed 200 OK in 484ms (Views: 3.1ms)


Started GET "/api/v1/search?query=44236" for 127.0.0.1 at 2017-08-21 17:35:21 -0500
Processing by Api::V1::ForecastsController#search as */*
  Parameters: {"query"=>"44236"}
Completed 200 OK in 5ms (Views: 3.3ms)


Started GET "/api/v1/search?query=60018" for 127.0.0.1 at 2017-08-21 17:37:40 -0500
Processing by Api::V1::ForecastsController#search as */*
  Parameters: {"query"=>"60018"}
Completed 200 OK in 337ms (Views: 4.0ms)


Started GET "/api/v1/search?query=60007" for 127.0.0.1 at 2017-08-21 17:38:36 -0500
Processing by Api::V1::ForecastsController#search as */*
  Parameters: {"query"=>"60007"}
Completed 200 OK in 264ms (Views: 3.2ms)


Started GET "/api/v1/search?query=60007" for 127.0.0.1 at 2017-08-21 17:39:17 -0500
Processing by Api::V1::ForecastsController#search as */*
  Parameters: {"query"=>"60007"}
Completed 200 OK in 8ms (Views: 5.8ms)


Started GET "/api/v1/search?query=60008" for 127.0.0.1 at 2017-08-21 17:43:46 -0500
Processing by Api::V1::ForecastsController#search as JSON
  Parameters: {"query"=>"60008"}
Completed 200 OK in 259ms (Views: 3.4ms)


Started GET "/api/v1/search?query=60009" for 127.0.0.1 at 2017-08-21 17:49:44 -0500
Processing by Api::V1::ForecastsController#search as JSON
  Parameters: {"query"=>"60009"}
Completed 200 OK in 813ms (Views: 6.0ms)


Started GET "/api/v1/search?query=60007" for 127.0.0.1 at 2017-08-21 18:05:06 -0500
Processing by Api::V1::ForecastsController#search as JSON
  Parameters: {"query"=>"60007"}
Completed 200 OK in 4ms (Views: 2.5ms)


Started GET "/api/v1/search?query=60001" for 127.0.0.1 at 2017-08-21 18:05:22 -0500
Processing by Api::V1::ForecastsController#search as JSON
  Parameters: {"query"=>"60001"}
Completed 200 OK in 1130ms (Views: 3.6ms)


Started GET "/api/v1/search?query=60002" for 127.0.0.1 at 2017-08-21 18:15:46 -0500
Processing by Api::V1::ForecastsController#search as JSON
  Parameters: {"query"=>"60002"}
Completed 200 OK in 1062ms (Views: 4.4ms)


Started GET "/api/v1/search?query=60002" for 127.0.0.1 at 2017-08-21 18:15:53 -0500
Processing by Api::V1::ForecastsController#search as JSON
  Parameters: {"query"=>"60002"}
Completed 200 OK in 5ms (Views: 3.4ms)


Started GET "/api/v1/search?query=60003" for 127.0.0.1 at 2017-08-21 18:16:12 -0500
Processing by Api::V1::ForecastsController#search as JSON
  Parameters: {"query"=>"60003"}
Completed 200 OK in 611ms (Views: 0.3ms)


Started GET "/api/v1/search?query=60004" for 127.0.0.1 at 2017-08-21 18:16:55 -0500
Processing by Api::V1::ForecastsController#search as JSON
  Parameters: {"query"=>"60004"}
Completed 200 OK in 221ms (Views: 3.2ms)


Started GET "/api/v1/search?query=60615" for 127.0.0.1 at 2017-08-21 18:17:53 -0500
Processing by Api::V1::ForecastsController#search as JSON
  Parameters: {"query"=>"60615"}
Completed 200 OK in 9ms (Views: 6.3ms)


Started GET "/api/v1/search?query=60615" for 127.0.0.1 at 2017-08-21 18:17:56 -0500
Processing by Api::V1::ForecastsController#search as JSON
  Parameters: {"query"=>"60615"}
Completed 200 OK in 4ms (Views: 2.5ms)


Started GET "/api/v1/search?query=60010" for 127.0.0.1 at 2017-08-21 18:22:51 -0500
Processing by Api::V1::ForecastsController#search as JSON
  Parameters: {"query"=>"60010"}
Completed 200 OK in 682ms (Views: 3.6ms)


Started GET "/api/v1/search?query=60010" for 127.0.0.1 at 2017-08-21 18:27:33 -0500
Processing by Api::V1::ForecastsController#search as JSON
  Parameters: {"query"=>"60010"}
Completed 200 OK in 12ms (Views: 9.0ms)


Started GET "/api/v1/search?query=60615" for 127.0.0.1 at 2017-08-21 21:15:28 -0500
Processing by Api::V1::ForecastsController#search as JSON
  Parameters: {"query"=>"60615"}
Completed 200 OK in 742ms (Views: 2.9ms)


Started GET "/api/v1/search?query=60615" for 127.0.0.1 at 2017-08-21 21:18:48 -0500
Processing by Api::V1::ForecastsController#search as JSON
  Parameters: {"query"=>"60615"}
Completed 200 OK in 11ms (Views: 9.1ms)


Started GET "/api/v1/search?query=60615" for 127.0.0.1 at 2017-08-21 21:19:26 -0500
Processing by Api::V1::ForecastsController#search as JSON
  Parameters: {"query"=>"60615"}
Completed 200 OK in 5ms (Views: 3.4ms)


Started GET "/api/v1/search?query=60615" for 127.0.0.1 at 2017-08-21 21:22:37 -0500
Processing by Api::V1::ForecastsController#search as JSON
  Parameters: {"query"=>"60615"}
Completed 200 OK in 5ms (Views: 2.8ms)


Started GET "/api/v1/search?query=" for 127.0.0.1 at 2017-08-21 21:24:15 -0500
Processing by Api::V1::ForecastsController#search as JSON
  Parameters: {"query"=>""}
Completed 200 OK in 217ms (Views: 0.3ms)


Started GET "/api/v1/search?query=" for 127.0.0.1 at 2017-08-21 21:24:35 -0500
Processing by Api::V1::ForecastsController#search as JSON
  Parameters: {"query"=>""}
Completed 200 OK in 3ms (Views: 0.3ms)


Started GET "/api/v1/search?query=60615" for 127.0.0.1 at 2017-08-21 21:24:41 -0500
Processing by Api::V1::ForecastsController#search as JSON
  Parameters: {"query"=>"60615"}
Completed 200 OK in 9ms (Views: 5.1ms)


Started GET "/api/v1/search?query=" for 127.0.0.1 at 2017-08-21 21:25:35 -0500
Processing by Api::V1::ForecastsController#search as JSON
  Parameters: {"query"=>""}
Completed 200 OK in 5ms (Views: 1.0ms)


Started GET "/api/v1/search?query=60615" for 127.0.0.1 at 2017-08-21 21:25:40 -0500
Processing by Api::V1::ForecastsController#search as JSON
  Parameters: {"query"=>"60615"}
Completed 200 OK in 9ms (Views: 2.4ms)


Started GET "/api/v1/search?query=60615" for 127.0.0.1 at 2017-08-21 21:33:47 -0500
Processing by Api::V1::ForecastsController#search as JSON
  Parameters: {"query"=>"60615"}
Completed 200 OK in 10ms (Views: 7.4ms)


Started GET "/api/v1/search?query=60615" for 127.0.0.1 at 2017-08-21 21:35:08 -0500
Processing by Api::V1::ForecastsController#search as JSON
  Parameters: {"query"=>"60615"}
Completed 200 OK in 8ms (Views: 6.2ms)


Started GET "/api/v1/search?query=60615" for 127.0.0.1 at 2017-08-21 21:36:33 -0500
Processing by Api::V1::ForecastsController#search as JSON
  Parameters: {"query"=>"60615"}
Completed 200 OK in 7ms (Views: 4.1ms)


Started GET "/api/v1/search?query=60615" for 127.0.0.1 at 2017-08-21 21:41:16 -0500
Processing by Api::V1::ForecastsController#search as JSON
  Parameters: {"query"=>"60615"}
Completed 200 OK in 4ms (Views: 2.3ms)


Started GET "/api/v1/search?query=60615" for 127.0.0.1 at 2017-08-21 21:47:09 -0500
Processing by Api::V1::ForecastsController#search as JSON
  Parameters: {"query"=>"60615"}
Completed 200 OK in 8ms (Views: 6.1ms)


Started GET "/api/v1/search?query=60615" for 127.0.0.1 at 2017-08-21 21:51:13 -0500
Processing by Api::V1::ForecastsController#search as JSON
  Parameters: {"query"=>"60615"}
Completed 200 OK in 6ms (Views: 2.7ms)


Started GET "/api/v1/search?query=60615" for 127.0.0.1 at 2017-08-21 21:53:08 -0500
Processing by Api::V1::ForecastsController#search as JSON
  Parameters: {"query"=>"60615"}
Completed 200 OK in 6ms (Views: 4.6ms)


Started GET "/api/v1/search?query=60615" for 127.0.0.1 at 2017-08-21 21:53:54 -0500
Processing by Api::V1::ForecastsController#search as JSON
  Parameters: {"query"=>"60615"}
Completed 200 OK in 8ms (Views: 5.8ms)


Started GET "/api/v1/search?query=60615" for 127.0.0.1 at 2017-08-21 22:01:24 -0500
Processing by Api::V1::ForecastsController#search as JSON
  Parameters: {"query"=>"60615"}
Completed 200 OK in 11ms (Views: 8.3ms)


Started GET "/api/v1/search?query=60615" for 127.0.0.1 at 2017-08-21 22:04:06 -0500
Processing by Api::V1::ForecastsController#search as JSON
  Parameters: {"query"=>"60615"}
Completed 200 OK in 4ms (Views: 2.5ms)


Started GET "/api/v1/search?query=60615" for 127.0.0.1 at 2017-08-21 22:04:38 -0500
Processing by Api::V1::ForecastsController#search as JSON
  Parameters: {"query"=>"60615"}
Completed 200 OK in 6ms (Views: 3.9ms)


Started GET "/api/v1/search?query=60615" for 127.0.0.1 at 2017-08-21 22:11:50 -0500
Processing by Api::V1::ForecastsController#search as JSON
  Parameters: {"query"=>"60615"}
Completed 200 OK in 8ms (Views: 6.3ms)


Started GET "/api/v1/search?query=60615" for 127.0.0.1 at 2017-08-21 22:12:30 -0500
Processing by Api::V1::ForecastsController#search as JSON
  Parameters: {"query"=>"60615"}
Completed 200 OK in 4ms (Views: 2.5ms)


Started GET "/api/v1/search?query=60615" for 127.0.0.1 at 2017-08-21 22:13:46 -0500
Processing by Api::V1::ForecastsController#search as JSON
  Parameters: {"query"=>"60615"}
Completed 200 OK in 6ms (Views: 3.5ms)


Started GET "/api/v1/search?query=60615" for 127.0.0.1 at 2017-08-21 22:15:41 -0500
Processing by Api::V1::ForecastsController#search as JSON
  Parameters: {"query"=>"60615"}
Completed 200 OK in 543ms (Views: 2.7ms)


Started GET "/api/v1/search?query=60615" for 127.0.0.1 at 2017-08-21 22:15:54 -0500
Processing by Api::V1::ForecastsController#search as JSON
  Parameters: {"query"=>"60615"}
Completed 200 OK in 8ms (Views: 5.6ms)


Started GET "/api/v1/search?query=60615" for 127.0.0.1 at 2017-08-21 22:17:06 -0500
Processing by Api::V1::ForecastsController#search as JSON
  Parameters: {"query"=>"60615"}
Completed 200 OK in 9ms (Views: 2.4ms)


Started GET "/api/v1/search?query=60615" for 127.0.0.1 at 2017-08-21 22:20:23 -0500
Processing by Api::V1::ForecastsController#search as JSON
  Parameters: {"query"=>"60615"}
Completed 200 OK in 7ms (Views: 5.1ms)


Started GET "/api/v1/search?query=60615" for ::1 at 2017-08-22 09:21:50 -0500
Processing by Api::V1::ForecastsController#search as */*
  Parameters: {"query"=>"60615"}
Completed 200 OK in 762ms (Views: 8.2ms)


Started GET "/api/v1/search?query=60615" for 127.0.0.1 at 2017-08-22 09:26:43 -0500
Processing by Api::V1::ForecastsController#search as JSON
  Parameters: {"query"=>"60615"}
Completed 200 OK in 8ms (Views: 6.2ms)


Started GET "/api/v1/search?query=60615" for ::1 at 2017-08-22 09:33:22 -0500
Processing by Api::V1::ForecastsController#search as */*
  Parameters: {"query"=>"60615"}
Completed 200 OK in 4ms (Views: 2.6ms)


Started GET "/api/v1/search?query=60615" for 127.0.0.1 at 2017-08-22 09:34:02 -0500
Processing by Api::V1::ForecastsController#search as JSON
  Parameters: {"query"=>"60615"}
Completed 200 OK in 8ms (Views: 5.4ms)


Started GET "/api/v1/search?query=60615" for 127.0.0.1 at 2017-08-22 09:38:08 -0500
Processing by Api::V1::ForecastsController#search as JSON
  Parameters: {"query"=>"60615"}
Completed 200 OK in 7ms (Views: 4.5ms)


Started GET "/api/v1/search?query=60615" for 127.0.0.1 at 2017-08-22 09:42:20 -0500
Processing by Api::V1::ForecastsController#search as JSON
  Parameters: {"query"=>"60615"}
Completed 200 OK in 6ms (Views: 3.8ms)


Started GET "/api/v1/search?query=60615" for 127.0.0.1 at 2017-08-22 09:44:01 -0500
Processing by Api::V1::ForecastsController#search as JSON
  Parameters: {"query"=>"60615"}
Completed 200 OK in 11ms (Views: 8.9ms)


Started GET "/api/v1/search?query=60615" for 127.0.0.1 at 2017-08-22 09:45:36 -0500
Processing by Api::V1::ForecastsController#search as JSON
  Parameters: {"query"=>"60615"}
Completed 200 OK in 4ms (Views: 2.7ms)


Started GET "/api/v1/search?query=60615" for ::1 at 2017-08-22 09:46:09 -0500
Processing by Api::V1::ForecastsController#search as HTML
  Parameters: {"query"=>"60615"}
Completed 200 OK in 4ms (Views: 2.4ms)


Started GET "/favicon.ico" for ::1 at 2017-08-22 09:46:10 -0500
  
ActionController::RoutingError (No route matches [GET] "/favicon.ico"):
  
actionpack (5.1.3) lib/action_dispatch/middleware/debug_exceptions.rb:63:in `call'
actionpack (5.1.3) lib/action_dispatch/middleware/show_exceptions.rb:31:in `call'
railties (5.1.3) lib/rails/rack/logger.rb:36:in `call_app'
railties (5.1.3) lib/rails/rack/logger.rb:24:in `block in call'
activesupport (5.1.3) lib/active_support/tagged_logging.rb:69:in `block in tagged'
activesupport (5.1.3) lib/active_support/tagged_logging.rb:26:in `tagged'
activesupport (5.1.3) lib/active_support/tagged_logging.rb:69:in `tagged'
railties (5.1.3) lib/rails/rack/logger.rb:24:in `call'
actionpack (5.1.3) lib/action_dispatch/middleware/remote_ip.rb:79:in `call'
actionpack (5.1.3) lib/action_dispatch/middleware/request_id.rb:25:in `call'
rack (2.0.3) lib/rack/runtime.rb:22:in `call'
actionpack (5.1.3) lib/action_dispatch/middleware/executor.rb:12:in `call'
actionpack (5.1.3) lib/action_dispatch/middleware/static.rb:125:in `call'
rack (2.0.3) lib/rack/sendfile.rb:111:in `call'
rack-cors (0.4.1) lib/rack/cors.rb:81:in `call'
railties (5.1.3) lib/rails/engine.rb:522:in `call'
puma (3.9.1) lib/puma/configuration.rb:224:in `call'
puma (3.9.1) lib/puma/server.rb:602:in `handle_request'
puma (3.9.1) lib/puma/server.rb:435:in `process_client'
puma (3.9.1) lib/puma/server.rb:299:in `block in run'
puma (3.9.1) lib/puma/thread_pool.rb:120:in `call'
puma (3.9.1) lib/puma/thread_pool.rb:120:in `block in spawn_thread'
Started GET "/api/v1/search?query=60615" for 127.0.0.1 at 2017-08-22 09:49:06 -0500
Processing by Api::V1::ForecastsController#search as JSON
  Parameters: {"query"=>"60615"}
Completed 200 OK in 5ms (Views: 2.8ms)


Started GET "/api/v1/search?query=60615" for 127.0.0.1 at 2017-08-22 09:54:15 -0500
Processing by Api::V1::ForecastsController#search as JSON
  Parameters: {"query"=>"60615"}
Completed 200 OK in 8ms (Views: 4.1ms)


Started GET "/api/v1/search?query=60615" for 127.0.0.1 at 2017-08-22 10:15:07 -0500
Processing by Api::V1::ForecastsController#search as JSON
  Parameters: {"query"=>"60615"}
Completed 200 OK in 8ms (Views: 5.3ms)


Started GET "/api/v1/search?query=60615" for 127.0.0.1 at 2017-08-22 10:15:51 -0500
Processing by Api::V1::ForecastsController#search as JSON
  Parameters: {"query"=>"60615"}
Completed 200 OK in 4ms (Views: 2.6ms)


Started GET "/api/v1/search?query=60615" for 127.0.0.1 at 2017-08-22 10:16:48 -0500
Processing by Api::V1::ForecastsController#search as JSON
  Parameters: {"query"=>"60615"}
Completed 200 OK in 6ms (Views: 3.1ms)


Started GET "/api/v1/search?query=60615" for 127.0.0.1 at 2017-08-22 10:17:15 -0500
Processing by Api::V1::ForecastsController#search as JSON
  Parameters: {"query"=>"60615"}
Completed 200 OK in 6ms (Views: 3.6ms)


Started GET "/api/v1/search?query=60615" for 127.0.0.1 at 2017-08-22 10:18:41 -0500
Processing by Api::V1::ForecastsController#search as JSON
  Parameters: {"query"=>"60615"}
Completed 200 OK in 11ms (Views: 5.0ms)


Started GET "/api/v1/search?query=60615" for 127.0.0.1 at 2017-08-22 10:20:43 -0500
Processing by Api::V1::ForecastsController#search as JSON
  Parameters: {"query"=>"60615"}
Completed 200 OK in 5ms (Views: 3.1ms)


Started GET "/api/v1/search?query=232" for 127.0.0.1 at 2017-08-22 10:21:30 -0500
Processing by Api::V1::ForecastsController#search as JSON
  Parameters: {"query"=>"232"}
Completed 200 OK in 663ms (Views: 0.3ms)


Started GET "/api/v1/search?query=j" for 127.0.0.1 at 2017-08-22 10:26:19 -0500
Processing by Api::V1::ForecastsController#search as JSON
  Parameters: {"query"=>"j"}
Completed 200 OK in 663ms (Views: 0.3ms)


Started GET "/api/v1/search?query=f" for 127.0.0.1 at 2017-08-22 10:26:51 -0500
Processing by Api::V1::ForecastsController#search as JSON
  Parameters: {"query"=>"f"}
Completed 200 OK in 268ms (Views: 0.4ms)


Started GET "/api/v1/search?query=j" for 127.0.0.1 at 2017-08-22 10:27:55 -0500
Processing by Api::V1::ForecastsController#search as JSON
  Parameters: {"query"=>"j"}
Completed 200 OK in 1ms (Views: 0.2ms)


Started GET "/api/v1/search?query=60615" for 127.0.0.1 at 2017-08-22 10:30:42 -0500
Processing by Api::V1::ForecastsController#search as JSON
  Parameters: {"query"=>"60615"}
Completed 200 OK in 243ms (Views: 3.0ms)


Started GET "/api/v1/search?query=342" for 127.0.0.1 at 2017-08-22 10:30:48 -0500
Processing by Api::V1::ForecastsController#search as JSON
  Parameters: {"query"=>"342"}
Completed 200 OK in 186ms (Views: 0.4ms)


Started GET "/api/v1/search?query=3w" for 127.0.0.1 at 2017-08-22 10:33:36 -0500
Processing by Api::V1::ForecastsController#search as JSON
  Parameters: {"query"=>"3w"}
Completed 200 OK in 225ms (Views: 0.3ms)


Started GET "/api/v1/search?query=60615" for 127.0.0.1 at 2017-08-22 10:33:43 -0500
Processing by Api::V1::ForecastsController#search as JSON
  Parameters: {"query"=>"60615"}
Completed 200 OK in 7ms (Views: 4.0ms)


Started GET "/api/v1/search?query=06460" for 127.0.0.1 at 2017-08-22 10:33:50 -0500
Processing by Api::V1::ForecastsController#search as JSON
  Parameters: {"query"=>"06460"}
Completed 200 OK in 214ms (Views: 2.9ms)


Started GET "/api/v1/search?query=werwe" for 127.0.0.1 at 2017-08-22 10:33:54 -0500
Processing by Api::V1::ForecastsController#search as JSON
  Parameters: {"query"=>"werwe"}
Completed 200 OK in 1147ms (Views: 3.8ms)


Started GET "/api/v1/search?query=we" for 127.0.0.1 at 2017-08-22 10:34:07 -0500
Processing by Api::V1::ForecastsController#search as JSON
  Parameters: {"query"=>"we"}
Completed 200 OK in 240ms (Views: 0.7ms)


